            1. open  2. high  3. low  4. close   5. volume
date                                                      
2024-03-01   138.43   138.87  136.92   137.140  31151116.0
2024-02-29   137.28   138.86  136.40   138.460  42132953.0
2024-02-28   137.90   138.01  135.41   136.380  37328558.0
2024-02-27   138.02   139.25  137.09   138.880  33099190.0
2024-02-26   142.14   142.44  137.39   137.570  53641795.0
...             ...      ...     ...       ...         ...
2004-08-25   104.76   108.00  103.88   106.000   9188600.0
2004-08-24   111.24   111.60  103.57   104.870  15247300.0
2004-08-23   110.76   113.48  109.05   109.400  18256100.0
2004-08-20   101.01   109.08  100.50   108.310  22834300.0
2004-08-19   100.01   104.06   95.96   100.335  44659000.0

[4917 rows x 5 columns]
           date  1. open  2. high  3. low  4. close   5. volume  RSI  EMA
4916 2004-08-19   100.01   104.06   95.96   100.335  44659000.0  NaN  NaN
4915 2004-08-20   101.01   109.08  100.50   108.310  22834300.0  NaN  NaN
4914 2004-08-23   110.76   113.48  109.05   109.400  18256100.0  NaN  NaN
4913 2004-08-24   111.24   111.60  103.57   104.870  15247300.0  NaN  NaN
4912 2004-08-25   104.76   108.00  103.88   106.000   9188600.0  NaN  NaN
Daten wurden als data_Google.csv exportiert.
Aktuelles Arbeitsverzeichnis: /Users/marcelthomas/Development/MLOPS/my-dagster-project
Datei wurde auf Minio S3 in den Bucket data hochgeladen.
Context impl SQLiteImpl.
Will assume non-transactional DDL.
Context impl SQLiteImpl.
Will assume non-transactional DDL.
Running stamp_revision  -> 46b412388816
