Context impl SQLiteImpl.
Will assume non-transactional DDL.
Context impl SQLiteImpl.
Will assume non-transactional DDL.
Running stamp_revision  -> 46b412388816
On branch DagsterPipelineProdRun
Your branch is up to date with 'origin/DagsterPipelineProdRun'.

Changes not staged for commit:
  (use "git add <file>..." to update what will be committed)
  (use "git restore <file>..." to discard changes in working directory)
	modified:   ../.dvc/config
	modified:   prepareModelRequest/stocks.csv
	modified:   quickstart_etl/assets/__pycache__/prod-pipeline.cpython-311.pyc
	modified:   quickstart_etl/assets/prod-pipeline.py

Untracked files:
  (use "git add <file>..." to include in what will be committed)
	output/
	predictionFromModel/
	results/
	tmp1tfata1r/
	tmpgf5x24gs/

no changes added to commit (use "git add" and/or "git commit -a")
