Context impl SQLiteImpl.
Will assume non-transactional DDL.
Context impl SQLiteImpl.
Will assume non-transactional DDL.
Running stamp_revision  -> 46b412388816
On branch DagsterPipelineProdRun
Your branch is ahead of 'origin/DagsterPipelineProdRun' by 1 commit.
  (use "git push" to publish your local commits)

Changes not staged for commit:
  (use "git add <file>..." to update what will be committed)
  (use "git restore <file>..." to discard changes in working directory)
	modified:   quickstart_etl/__pycache__/__init__.cpython-311.pyc
	modified:   quickstart_etl/assets/__pycache__/__init__.cpython-311.pyc
	modified:   quickstart_etl/assets/__pycache__/prod-pipeline.cpython-311.pyc
	modified:   quickstart_etl/assets/prod-pipeline.py

Untracked files:
  (use "git add <file>..." to include in what will be committed)
	tmp0bnaor09/

no changes added to commit (use "git add" and/or "git commit -a")
Everything is up to date.
