[32m2024-03-08 17:20:05 +0100[0m - dagster - [34mDEBUG[0m - __ASSET_JOB - 1160e5f7-b5ea-40db-ba97-b8a80ba57264 - 9585 - LOGS_CAPTURED - Started capturing logs in process (pid: 9585).
[32m2024-03-08 17:20:05 +0100[0m - dagster - [34mDEBUG[0m - __ASSET_JOB - 1160e5f7-b5ea-40db-ba97-b8a80ba57264 - 9585 - requestToModel - STEP_START - Started execution of step "requestToModel".
[32m2024-03-08 17:20:05 +0100[0m - dagster - [34mINFO[0m - __ASSET_JOB - 1160e5f7-b5ea-40db-ba97-b8a80ba57264 - requestToModel - Data Extraction complete
[32m2024-03-08 17:20:05 +0100[0m - dagster - [34mINFO[0m - __ASSET_JOB - 1160e5f7-b5ea-40db-ba97-b8a80ba57264 - requestToModel -         Datum  Eroeffnung  Tageshoch  Tagestief  ...  RSI  SMA  EMA  DEMA
0  2004-08-19      100.01     104.06      95.96  ...  0.0  0.0  0.0   0.0
1  2004-08-20      101.01     109.08     100.50  ...  0.0  0.0  0.0   0.0
2  2004-08-23      110.76     113.48     109.05  ...  0.0  0.0  0.0   0.0
3  2004-08-24      111.24     111.60     103.57  ...  0.0  0.0  0.0   0.0
4  2004-08-25      104.76     108.00     103.88  ...  0.0  0.0  0.0   0.0

[5 rows x 10 columns]
[32m2024-03-08 17:20:05 +0100[0m - dagster - [34mINFO[0m - __ASSET_JOB - 1160e5f7-b5ea-40db-ba97-b8a80ba57264 - requestToModel - Response: {'Schluss_predictions': 191.62576293945312}
[32m2024-03-08 17:20:05 +0100[0m - dagster - [34mINFO[0m - __ASSET_JOB - 1160e5f7-b5ea-40db-ba97-b8a80ba57264 - requestToModel - Upload to S3 succesful
The following paths are ignored by one of your .gitignore files:
my-dagster-project/predictions/Predictions_Google_finalModel.csv
hint: Use -f if you really want to add them.
hint: Turn this message off by running
hint: "git config advice.addIgnoredFile false"
[32m2024-03-08 17:20:06 +0100[0m - dagster - [34mDEBUG[0m - __ASSET_JOB - 1160e5f7-b5ea-40db-ba97-b8a80ba57264 - 9585 - requestToModel - STEP_OUTPUT - Yielded output "result" of type "Nothing". (Type check passed).
[32m2024-03-08 17:20:06 +0100[0m - dagster - [34mDEBUG[0m - __ASSET_JOB - 1160e5f7-b5ea-40db-ba97-b8a80ba57264 - 9585 - requestToModel - ASSET_MATERIALIZATION - Materialized value requestToModel.
[32m2024-03-08 17:20:06 +0100[0m - dagster - [34mDEBUG[0m - __ASSET_JOB - 1160e5f7-b5ea-40db-ba97-b8a80ba57264 - 9585 - requestToModel - STEP_SUCCESS - Finished execution of step "requestToModel" in 1.31s.
