[32m2024-02-21 11:34:57 +0100[0m - dagster - [34mDEBUG[0m - __ASSET_JOB - 286dd7f8-c58d-4c04-9efd-cdde6de8d25e - 45077 - LOGS_CAPTURED - Started capturing logs in process (pid: 45077).
[32m2024-02-21 11:34:57 +0100[0m - dagster - [34mDEBUG[0m - __ASSET_JOB - 286dd7f8-c58d-4c04-9efd-cdde6de8d25e - 45077 - requestToModel - STEP_START - Started execution of step "requestToModel".
[32m2024-02-21 11:34:57 +0100[0m - dagster - [34mINFO[0m - __ASSET_JOB - 286dd7f8-c58d-4c04-9efd-cdde6de8d25e - requestToModel - Data Extraction complete
[32m2024-02-21 11:34:57 +0100[0m - dagster - [34mINFO[0m - __ASSET_JOB - 286dd7f8-c58d-4c04-9efd-cdde6de8d25e - requestToModel -         Datum  Eröffnung  Tageshoch  Tagestief  ...      Umsatz  RSI  EMA  Symbol
0  1999-11-01      68.06      71.88      66.31  ...  12824100.0  0.0  0.0    AMZN
1  1999-11-02      69.75      70.00      65.06  ...  13243200.0  0.0  0.0    AMZN
2  1999-11-03      68.19      68.50      65.00  ...  10772100.0  0.0  0.0    AMZN
3  1999-11-04      67.19      67.19      61.00  ...  16759200.0  0.0  0.0    AMZN
4  1999-11-05      64.75      65.50      62.25  ...  11091400.0  0.0  0.0    AMZN

[5 rows x 9 columns]
[32m2024-02-21 11:34:57 +0100[0m - dagster - [34mINFO[0m - __ASSET_JOB - 286dd7f8-c58d-4c04-9efd-cdde6de8d25e - requestToModel - Response: {'Schluss_predictions': 180.6761932373047}
[32m2024-02-21 11:34:57 +0100[0m - dagster - [34mINFO[0m - __ASSET_JOB - 286dd7f8-c58d-4c04-9efd-cdde6de8d25e - requestToModel - Upload to S3 succesful
The following paths are ignored by one of your .gitignore files:
my-dagster-project/predictions/2024-02-21_11-34_Results_Google_finalModel.json
hint: Use -f if you really want to add them.
hint: Turn this message off by running
hint: "git config advice.addIgnoredFile false"
[32m2024-02-21 11:34:58 +0100[0m - dagster - [34mDEBUG[0m - __ASSET_JOB - 286dd7f8-c58d-4c04-9efd-cdde6de8d25e - 45077 - requestToModel - STEP_OUTPUT - Yielded output "result" of type "Nothing". (Type check passed).
[32m2024-02-21 11:34:58 +0100[0m - dagster - [34mDEBUG[0m - __ASSET_JOB - 286dd7f8-c58d-4c04-9efd-cdde6de8d25e - 45077 - requestToModel - ASSET_MATERIALIZATION - Materialized value requestToModel.
[32m2024-02-21 11:34:58 +0100[0m - dagster - [34mDEBUG[0m - __ASSET_JOB - 286dd7f8-c58d-4c04-9efd-cdde6de8d25e - 45077 - requestToModel - STEP_SUCCESS - Finished execution of step "requestToModel" in 1.11s.
