[32m2024-02-21 09:47:49 +0100[0m - dagster - [34mDEBUG[0m - __ASSET_JOB - 7f50b1ff-4ad3-48d8-b913-043ed489741d - 40245 - LOGS_CAPTURED - Started capturing logs in process (pid: 40245).
[32m2024-02-21 09:47:49 +0100[0m - dagster - [34mDEBUG[0m - __ASSET_JOB - 7f50b1ff-4ad3-48d8-b913-043ed489741d - 40245 - requestToModel - STEP_START - Started execution of step "requestToModel".
[32m2024-02-21 09:47:49 +0100[0m - dagster - [34mINFO[0m - __ASSET_JOB - 7f50b1ff-4ad3-48d8-b913-043ed489741d - requestToModel - Data Extraction complete
[32m2024-02-21 09:47:49 +0100[0m - dagster - [34mINFO[0m - __ASSET_JOB - 7f50b1ff-4ad3-48d8-b913-043ed489741d - requestToModel -         Datum  Eröffnung  Tageshoch  Tagestief  ...      Umsatz  RSI  EMA  Symbol
0  1999-11-01      68.06      71.88      66.31  ...  12824100.0  0.0  0.0    AMZN
1  1999-11-02      69.75      70.00      65.06  ...  13243200.0  0.0  0.0    AMZN
2  1999-11-03      68.19      68.50      65.00  ...  10772100.0  0.0  0.0    AMZN
3  1999-11-04      67.19      67.19      61.00  ...  16759200.0  0.0  0.0    AMZN
4  1999-11-05      64.75      65.50      62.25  ...  11091400.0  0.0  0.0    AMZN

[5 rows x 9 columns]
[32m2024-02-21 09:47:49 +0100[0m - dagster - [34mINFO[0m - __ASSET_JOB - 7f50b1ff-4ad3-48d8-b913-043ed489741d - requestToModel - Response: {'Schluss_predictions': 180.6761932373047}
[32m2024-02-21 09:47:49 +0100[0m - dagster - [34mERROR[0m - [31m__ASSET_JOB - 7f50b1ff-4ad3-48d8-b913-043ed489741d - 40245 - requestToModel - STEP_FAILURE - Execution of step "requestToModel" failed.

dagster._core.errors.DagsterExecutionStepExecutionError: Error occurred while executing op "requestToModel"::

FileNotFoundError: [Errno 2] No such file or directory: 'predictions/2024-02-21_09-47-49_Results_Google_finalModel.json'

Stack Trace:
  File "/opt/homebrew/lib/python3.11/site-packages/dagster/_core/execution/plan/utils.py", line 54, in op_execution_error_boundary
    yield
  File "/opt/homebrew/lib/python3.11/site-packages/dagster/_utils/__init__.py", line 467, in iterate_with_context
    next_output = next(iterator)
                  ^^^^^^^^^^^^^^
  File "/opt/homebrew/lib/python3.11/site-packages/dagster/_core/execution/plan/compute_generator.py", line 131, in _coerce_op_compute_fn_to_iterator
    result = invoke_compute_fn(
             ^^^^^^^^^^^^^^^^^^
  File "/opt/homebrew/lib/python3.11/site-packages/dagster/_core/execution/plan/compute_generator.py", line 125, in invoke_compute_fn
    return fn(context, **args_to_pass) if context_arg_provided else fn(**args_to_pass)
           ^^^^^^^^^^^^^^^^^^^^^^^^^^^
  File "/Users/marcelthomas/Development/MLOPS/my-dagster-project/quickstart_etl/assets/prod-pipeline.py", line 344, in requestToModel
    s3_client.upload_file(f'predictions/{file_name}', bucket, file_name)
  File "/opt/homebrew/lib/python3.11/site-packages/boto3/s3/inject.py", line 145, in upload_file
    return transfer.upload_file(
           ^^^^^^^^^^^^^^^^^^^^^
  File "/opt/homebrew/lib/python3.11/site-packages/boto3/s3/transfer.py", line 371, in upload_file
    future.result()
  File "/opt/homebrew/lib/python3.11/site-packages/s3transfer/futures.py", line 103, in result
    return self._coordinator.result()
           ^^^^^^^^^^^^^^^^^^^^^^^^^^
  File "/opt/homebrew/lib/python3.11/site-packages/s3transfer/futures.py", line 266, in result
    raise self._exception
  File "/opt/homebrew/lib/python3.11/site-packages/s3transfer/tasks.py", line 269, in _main
    self._submit(transfer_future=transfer_future, **kwargs)
  File "/opt/homebrew/lib/python3.11/site-packages/s3transfer/upload.py", line 591, in _submit
    upload_input_manager.provide_transfer_size(transfer_future)
  File "/opt/homebrew/lib/python3.11/site-packages/s3transfer/upload.py", line 244, in provide_transfer_size
    self._osutil.get_file_size(transfer_future.meta.call_args.fileobj)
  File "/opt/homebrew/lib/python3.11/site-packages/s3transfer/utils.py", line 251, in get_file_size
    return os.path.getsize(filename)
           ^^^^^^^^^^^^^^^^^^^^^^^^^
  File "<frozen genericpath>", line 50, in getsize
[0m
