Context impl SQLiteImpl.
Will assume non-transactional DDL.
Context impl SQLiteImpl.
Will assume non-transactional DDL.
Running stamp_revision  -> 46b412388816
On branch DagsterPipelineProdRun
Your branch is up to date with 'origin/DagsterPipelineProdRun'.

Changes not staged for commit:
  (use "git add <file>..." to update what will be committed)
  (use "git restore <file>..." to discard changes in working directory)
	modified:   tmpgf5x24gs/history/runs.db
	modified:   tmpgf5x24gs/history/runs/index.db

Untracked files:
  (use "git add <file>..." to include in what will be committed)
	tmpgf5x24gs/history/runs/2683da6e-b6a2-4bb4-833a-5d6faf9c253a.db
	tmpgf5x24gs/history/runs/577499b6-cee4-43b8-bd48-a510617ed10a.db
	tmpgf5x24gs/history/runs/a5529b1d-570b-440d-88e7-db8242c38127.db
	tmpgf5x24gs/storage/2683da6e-b6a2-4bb4-833a-5d6faf9c253a/
	tmpgf5x24gs/storage/577499b6-cee4-43b8-bd48-a510617ed10a/
	tmpgf5x24gs/storage/a5529b1d-570b-440d-88e7-db8242c38127/

no changes added to commit (use "git add" and/or "git commit -a")
