            1. open  2. high   3. low  4. close   5. volume
date                                                       
2024-02-16   142.99  143.190  140.140   140.520  31468926.0
2024-02-15   143.14  143.520  140.460   142.770  37590695.0
2024-02-14   146.08  146.520  144.094   145.940  22704166.0
2024-02-13   144.92  146.670  143.690   145.140  27837730.0
2024-02-12   148.42  149.335  147.370   147.530  21564085.0
...             ...      ...      ...       ...         ...
2004-08-25   104.76  108.000  103.880   106.000   9188600.0
2004-08-24   111.24  111.600  103.570   104.870  15247300.0
2004-08-23   110.76  113.480  109.050   109.400  18256100.0
2004-08-20   101.01  109.080  100.500   108.310  22834300.0
2004-08-19   100.01  104.060   95.960   100.335  44659000.0

[4908 rows x 5 columns]
           date  1. open  2. high  3. low  4. close   5. volume  RSI  EMA
4907 2004-08-19   100.01   104.06   95.96   100.335  44659000.0  NaN  NaN
4906 2004-08-20   101.01   109.08  100.50   108.310  22834300.0  NaN  NaN
4905 2004-08-23   110.76   113.48  109.05   109.400  18256100.0  NaN  NaN
4904 2004-08-24   111.24   111.60  103.57   104.870  15247300.0  NaN  NaN
4903 2004-08-25   104.76   108.00  103.88   106.000   9188600.0  NaN  NaN
Daten wurden als data_Google.csv exportiert.
Aktuelles Arbeitsverzeichnis: /Users/marcelthomas/Development/MLOPS/my-dagster-project
Datei wurde auf Minio S3 in den Bucket data hochgeladen.
Context impl SQLiteImpl.
Will assume non-transactional DDL.
Context impl SQLiteImpl.
Will assume non-transactional DDL.
Running stamp_revision  -> 46b412388816
