Context impl SQLiteImpl.
Will assume non-transactional DDL.
Context impl SQLiteImpl.
Will assume non-transactional DDL.
Running stamp_revision  -> 46b412388816
2024-02-16,168.74,170.42,167.17,169.51,48107744.0,60.5639,168.9839

['2']
['0']
['2']
['4']
['-']
['0']
['2']
['-']
['1']
['6']
['', '']
['1']
['6']
['8']
['.']
['7']
['4']
['', '']
['1']
['7']
['0']
['.']
['4']
['2']
['', '']
['1']
['6']
['7']
['.']
['1']
['7']
['', '']
['1']
['6']
['9']
['.']
['5']
['1']
['', '']
['4']
['8']
['1']
['0']
['7']
['7']
['4']
['4']
['.']
['0']
['', '']
['6']
['0']
['.']
['5']
['6']
['3']
['9']
['', '']
['1']
['6']
['8']
['.']
['9']
['8']
['3']
['9']
[]
