Context impl SQLiteImpl.
Will assume non-transactional DDL.
Context impl SQLiteImpl.
Will assume non-transactional DDL.
Running stamp_revision  -> 46b412388816

To track the changes with git, run:

	git add data/stocks.csv.dvc

To enable auto staging, run:

	dvc config core.autostage true
On branch DagsterPipelineProdRun
Your branch is ahead of 'origin/DagsterPipelineProdRun' by 3 commits.
  (use "git push" to publish your local commits)

Changes not staged for commit:
  (use "git add/rm <file>..." to update what will be committed)
  (use "git restore <file>..." to discard changes in working directory)
	modified:   data_Google.csv
	modified:   output/data_Google.csv
	deleted:    predictions/.gitignore
	deleted:    predictions/2024-02-21_09-57_Results_Google_finalModel.json
	deleted:    predictions/2024-02-21_11-24_Results_Google_finalModel.json
	deleted:    predictions/2024-02-21_11-29_Results_Google_finalModel.json
	deleted:    predictions/2024-02-21_11-34_Results_Google_finalModel.json.dvc
	deleted:    predictions/prediction.json.dvc
	modified:   quickstart_etl/__pycache__/__init__.cpython-311.pyc
	modified:   quickstart_etl/assets/__pycache__/__init__.cpython-311.pyc
	modified:   quickstart_etl/assets/__pycache__/prod-pipeline.cpython-311.pyc
	modified:   quickstart_etl/assets/prod-pipeline.py

Untracked files:
  (use "git add <file>..." to include in what will be committed)
	predictions/2024-02-21_17-24_Results_Google_finalModel.json
	report.html
	results/
	tmpvb6i_k_p/
	tmpvr3x88wh/

no changes added to commit (use "git add" and/or "git commit -a")
Everything is up to date.
