            1. open  2. high   3. low  4. close   5. volume
date                                                       
2024-02-20  139.655   142.08  139.490   141.120  24935710.0
2024-02-16  142.990   143.19  140.140   140.520  31468926.0
2024-02-15  143.140   143.52  140.460   142.770  37590695.0
2024-02-14  146.080   146.52  144.094   145.940  22704166.0
2024-02-13  144.920   146.67  143.690   145.140  27837730.0
...             ...      ...      ...       ...         ...
2004-08-25  104.760   108.00  103.880   106.000   9188600.0
2004-08-24  111.240   111.60  103.570   104.870  15247300.0
2004-08-23  110.760   113.48  109.050   109.400  18256100.0
2004-08-20  101.010   109.08  100.500   108.310  22834300.0
2004-08-19  100.010   104.06   95.960   100.335  44659000.0

[4909 rows x 5 columns]
           date  1. open  2. high  3. low  4. close   5. volume  RSI  EMA
4908 2004-08-19   100.01   104.06   95.96   100.335  44659000.0  NaN  NaN
4907 2004-08-20   101.01   109.08  100.50   108.310  22834300.0  NaN  NaN
4906 2004-08-23   110.76   113.48  109.05   109.400  18256100.0  NaN  NaN
4905 2004-08-24   111.24   111.60  103.57   104.870  15247300.0  NaN  NaN
4904 2004-08-25   104.76   108.00  103.88   106.000   9188600.0  NaN  NaN
Daten wurden als data_Google.csv exportiert.
Aktuelles Arbeitsverzeichnis: /Users/marcelthomas/Development/MLOPS/my-dagster-project
Datei wurde auf Minio S3 in den Bucket data hochgeladen.
Context impl SQLiteImpl.
Will assume non-transactional DDL.
Context impl SQLiteImpl.
Will assume non-transactional DDL.
Running stamp_revision  -> 46b412388816
